<?xml version="1.0" encoding="UTF-8"?>
<!-- Generated by org.testng.reporters.JUnitReportReporter -->
<testsuite hostname="KAMATALAHAREESH" failures="0" tests="3" name="week6.Day2.TimeOut_Attribute" time="0.518" errors="0" timestamp="2022-07-06T17:53:46 IST" skipped="0">
  <testcase classname="week6.Day2.TimeOut_Attribute" name="testcaes2" time="0.002"/>
  <system-out/>
  <testcase classname="week6.Day2.TimeOut_Attribute" name="testcase3" time="0.001"/>
  <system-out/>
  <testcase classname="week6.Day2.TimeOut_Attribute" name="testcase1" time="0.515"/>
  <system-out/>
</testsuite> <!-- week6.Day2.TimeOut_Attribute -->
